0 info it worked if it ends with ok
1 verbose cli [ '/usr/bin/node', '/usr/bin/npm', 'start' ]
3 info using node@v6.13.1
4 verbose run-script [ 'prestart', 'start', 'poststart' ]
5 info lifecycle virtual-classroom@1.0.0~prestart: virtual-classroom@1.0.0
6 silly lifecycle virtual-classroom@1.0.0~prestart: no script for prestart, continuing
7 info lifecycle virtual-classroom@1.0.0~start: virtual-classroom@1.0.0
8 verbose lifecycle virtual-classroom@1.0.0~start: unsafe-perm in lifecycle true
11 silly lifecycle virtual-classroom@1.0.0~start: Args: [ '-c', 'node ./bin/www' ]
12 silly lifecycle virtual-classroom@1.0.0~start: Returned: code: 1  signal: null
14 verbose stack Error: virtual-classroom@1.0.0 start: `node ./bin/www`
14 verbose stack     at EventEmitter.emit (events.js:191:7)
14 verbose stack     at ChildProcess.<anonymous> (/usr/lib/node_modules/npm/lib/utils/spawn.js:40:14)
14 verbose stack     at emitTwo (events.js:106:13)
14 verbose stack     at maybeClose (internal/child_process.js:920:16)
15 verbose pkgid virtual-classroom@1.0.0
17 error Linux 4.13.0-37-generic
19 error node v6.13.1
20 error npm  v3.10.10
21 error code ELIFECYCLE
22 error virtual-classroom@1.0.0 start: `node ./bin/www`
22 error Exit status 1
23 error Make sure you have the latest version of node.js and npm installed.
23 error If you do, this is most likely a problem with the virtual-classroom package,
23 error Tell the author that this fails on your system:
23 error     node ./bin/www
23 error You can get information on how to open an issue for this project with:
23 error     npm bugs virtual-classroom
23 error     npm owner ls virtual-classroom
23 error There is likely additional logging output above.
24 verbose exit [ 1, true ]